# replay started 2026-04-06T12:41:28.037Z
[REPLAY] Volatility-fast reset
[BUY ] 2026-04-06T01:18:28.029Z @69276.55 size=14.406028
[SELL] 2026-04-06T01:28:28.029Z @70141.10614522046 ret=1.25%
[BUY ] 2026-04-06T01:29:28.029Z @70223.95 size=14.324355
[SELL] 2026-04-06T01:39:28.029Z @71618.87674067591 ret=1.99%
[BUY ] 2026-04-06T01:40:28.029Z @71823.54 size=14.219334
[SELL] 2026-04-06T01:50:28.029Z @73188.99633897614 ret=1.90%
[BUY ] 2026-04-06T01:51:28.029Z @73290.70 size=14.135774
[SELL] 2026-04-06T02:01:28.029Z @74814.17975998898 ret=2.08%
[BUY ] 2026-04-06T02:02:28.029Z @75044.42 size=14.029060
[SELL] 2026-04-06T02:12:28.029Z @75619.09598335155 ret=0.77%
[BUY ] 2026-04-06T03:28:28.029Z @70883.48 size=14.899046
[SELL] 2026-04-06T03:38:28.029Z @71601.56464392034 ret=1.01%
[BUY ] 2026-04-06T03:39:28.029Z @71695.21 size=14.812701
[SELL] 2026-04-06T03:49:28.029Z @73476.29822045499 ret=2.48%
[BUY ] 2026-04-06T03:50:28.029Z @73702.47 size=14.700866
[SELL] 2026-04-06T04:00:28.029Z @74783.27582101175 ret=1.47%
[BUY ] 2026-04-06T04:02:28.029Z @74894.03 size=14.613144
[SELL] 2026-04-06T04:12:28.029Z @76052.09389336078 ret=1.55%
[BUY ] 2026-04-06T04:21:28.029Z @76248.49 size=14.509987
[SELL] 2026-04-06T04:31:28.029Z @75586.72725166284 ret=-0.87%
[BUY ] 2026-04-06T05:32:28.029Z @71325.97 size=15.307644
[SELL] 2026-04-06T05:42:28.029Z @72430.78188734234 ret=1.55%
[BUY ] 2026-04-06T05:43:28.029Z @72603.24 size=15.202638
[SELL] 2026-04-06T05:53:28.029Z @73989.38433541369 ret=1.91%
[BUY ] 2026-04-06T05:54:28.029Z @74194.44 size=15.092475
[SELL] 2026-04-06T06:04:28.029Z @75975.41886914009 ret=2.40%
[BUY ] 2026-04-06T06:05:28.029Z @76070.19 size=15.005916
[SELL] 2026-04-06T06:15:28.029Z @77062.82890001449 ret=1.30%
[BUY ] 2026-04-06T06:16:28.029Z @77243.34 size=14.903555
[SELL] 2026-04-06T06:26:28.029Z @77235.18724012705 ret=-0.01%
[BUY ] 2026-04-06T07:41:28.029Z @71366.86 size=16.056538
[SELL] 2026-04-06T07:51:28.029Z @72304.1753560666 ret=1.31%
[BUY ] 2026-04-06T07:52:28.029Z @72416.79 size=15.959508
[SELL] 2026-04-06T08:02:28.029Z @73936.80859021306 ret=2.10%
[BUY ] 2026-04-06T08:03:28.029Z @73999.84 size=15.874237
[SELL] 2026-04-06T08:13:28.029Z @75496.2511524428 ret=2.02%
[BUY ] 2026-04-06T08:14:28.029Z @75710.68 size=15.758126
[SELL] 2026-04-06T08:24:28.029Z @76673.47927090869 ret=1.27%
[BUY ] 2026-04-06T09:44:28.029Z @70933.44 size=16.956731
[SELL] 2026-04-06T09:54:28.029Z @71806.4092408065 ret=1.23%
[BUY ] 2026-04-06T09:55:28.029Z @71941.75 size=16.848753
[SELL] 2026-04-06T10:05:28.029Z @72952.81561527174 ret=1.41%
[BUY ] 2026-04-06T10:06:28.029Z @73234.89 size=16.708415
[SELL] 2026-04-06T10:16:28.029Z @74792.14357728115 ret=2.13%
[BUY ] 2026-04-06T10:17:28.029Z @75028.06 size=16.581010
[SELL] 2026-04-06T10:27:28.029Z @75564.20002330137 ret=0.71%
[BUY ] 2026-04-06T10:28:28.029Z @75638.10 size=16.490351
[SELL] 2026-04-06T10:38:28.029Z @75629.30468990645 ret=-0.01%
[BUY ] 2026-04-06T11:49:28.029Z @70379.48 size=17.640763
[SELL] 2026-04-06T11:59:28.029Z @71406.64880109596 ret=1.46%
[BUY ] 2026-04-06T12:00:28.029Z @71664.30 size=17.498331
[SELL] 2026-04-06T12:10:28.029Z @72911.41088654441 ret=1.74%
[BUY ] 2026-04-06T12:11:28.029Z @73124.07 size=17.369016
[SELL] 2026-04-06T12:21:28.029Z @74440.5417398681 ret=1.80%
[BUY ] 2026-04-06T12:22:28.029Z @74496.44 size=17.277969
[SELL] 2026-04-06T12:32:28.029Z @75237.90999943443 ret=1.00%
[BUY ] 2026-04-06T12:33:28.029Z @75374.24 size=17.169195
